Determining if the pthread_create exist failed with the following output:
Change Dir: /nas/ldelgiud/Documents/AlgoLabHS19/week_03/hit/CMakeFiles/CMakeTmp

Run Build Command:"/usr/bin/make" "cmTC_9990a/fast"
/usr/bin/make -f CMakeFiles/cmTC_9990a.dir/build.make CMakeFiles/cmTC_9990a.dir/build
make[1]: Entering directory '/nas/ldelgiud/Documents/AlgoLabHS19/week_03/hit/CMakeFiles/CMakeTmp'
Building C object CMakeFiles/cmTC_9990a.dir/CheckSymbolExists.c.o
/usr/bin/cc    -o CMakeFiles/cmTC_9990a.dir/CheckSymbolExists.c.o   -c /nas/ldelgiud/Documents/AlgoLabHS19/week_03/hit/CMakeFiles/CMakeTmp/CheckSymbolExists.c
Linking C executable cmTC_9990a
/usr/bin/cmake -E cmake_link_script CMakeFiles/cmTC_9990a.dir/link.txt --verbose=1
/usr/bin/cc      -rdynamic CMakeFiles/cmTC_9990a.dir/CheckSymbolExists.c.o  -o cmTC_9990a 
CMakeFiles/cmTC_9990a.dir/CheckSymbolExists.c.o: In function `main':
CheckSymbolExists.c:(.text+0x1b): undefined reference to `pthread_create'
collect2: error: ld returned 1 exit status
CMakeFiles/cmTC_9990a.dir/build.make:97: recipe for target 'cmTC_9990a' failed
make[1]: *** [cmTC_9990a] Error 1
make[1]: Leaving directory '/nas/ldelgiud/Documents/AlgoLabHS19/week_03/hit/CMakeFiles/CMakeTmp'
Makefile:126: recipe for target 'cmTC_9990a/fast' failed
make: *** [cmTC_9990a/fast] Error 2

File /nas/ldelgiud/Documents/AlgoLabHS19/week_03/hit/CMakeFiles/CMakeTmp/CheckSymbolExists.c:
/* */
#include <pthread.h>

int main(int argc, char** argv)
{
  (void)argv;
#ifndef pthread_create
  return ((int*)(&pthread_create))[argc];
#else
  (void)argc;
  return 0;
#endif
}

Determining if the function pthread_create exists in the pthreads failed with the following output:
Change Dir: /nas/ldelgiud/Documents/AlgoLabHS19/week_03/hit/CMakeFiles/CMakeTmp

Run Build Command:"/usr/bin/make" "cmTC_58750/fast"
/usr/bin/make -f CMakeFiles/cmTC_58750.dir/build.make CMakeFiles/cmTC_58750.dir/build
make[1]: Entering directory '/nas/ldelgiud/Documents/AlgoLabHS19/week_03/hit/CMakeFiles/CMakeTmp'
Building C object CMakeFiles/cmTC_58750.dir/CheckFunctionExists.c.o
/usr/bin/cc   -DCHECK_FUNCTION_EXISTS=pthread_create   -o CMakeFiles/cmTC_58750.dir/CheckFunctionExists.c.o   -c /usr/share/cmake-3.10/Modules/CheckFunctionExists.c
Linking C executable cmTC_58750
/usr/bin/cmake -E cmake_link_script CMakeFiles/cmTC_58750.dir/link.txt --verbose=1
/usr/bin/cc  -DCHECK_FUNCTION_EXISTS=pthread_create    -rdynamic CMakeFiles/cmTC_58750.dir/CheckFunctionExists.c.o  -o cmTC_58750 -lpthreads 
/usr/bin/ld: cannot find -lpthreads
collect2: error: ld returned 1 exit status
CMakeFiles/cmTC_58750.dir/build.make:97: recipe for target 'cmTC_58750' failed
make[1]: *** [cmTC_58750] Error 1
make[1]: Leaving directory '/nas/ldelgiud/Documents/AlgoLabHS19/week_03/hit/CMakeFiles/CMakeTmp'
Makefile:126: recipe for target 'cmTC_58750/fast' failed
make: *** [cmTC_58750/fast] Error 2


