Determining if the pthread_create exist failed with the following output:
Change Dir: /nas/ldelgiud/Documents/AlgoLabHS19/week_03/antenna/CMakeFiles/CMakeTmp

Run Build Command:"/usr/bin/make" "cmTC_b6382/fast"
/usr/bin/make -f CMakeFiles/cmTC_b6382.dir/build.make CMakeFiles/cmTC_b6382.dir/build
make[1]: Entering directory '/nas/ldelgiud/Documents/AlgoLabHS19/week_03/antenna/CMakeFiles/CMakeTmp'
Building C object CMakeFiles/cmTC_b6382.dir/CheckSymbolExists.c.o
/usr/bin/cc    -o CMakeFiles/cmTC_b6382.dir/CheckSymbolExists.c.o   -c /nas/ldelgiud/Documents/AlgoLabHS19/week_03/antenna/CMakeFiles/CMakeTmp/CheckSymbolExists.c
Linking C executable cmTC_b6382
/usr/bin/cmake -E cmake_link_script CMakeFiles/cmTC_b6382.dir/link.txt --verbose=1
/usr/bin/cc      -rdynamic CMakeFiles/cmTC_b6382.dir/CheckSymbolExists.c.o  -o cmTC_b6382 
CMakeFiles/cmTC_b6382.dir/CheckSymbolExists.c.o: In function `main':
CheckSymbolExists.c:(.text+0x1b): undefined reference to `pthread_create'
collect2: error: ld returned 1 exit status
CMakeFiles/cmTC_b6382.dir/build.make:97: recipe for target 'cmTC_b6382' failed
make[1]: *** [cmTC_b6382] Error 1
make[1]: Leaving directory '/nas/ldelgiud/Documents/AlgoLabHS19/week_03/antenna/CMakeFiles/CMakeTmp'
Makefile:126: recipe for target 'cmTC_b6382/fast' failed
make: *** [cmTC_b6382/fast] Error 2

File /nas/ldelgiud/Documents/AlgoLabHS19/week_03/antenna/CMakeFiles/CMakeTmp/CheckSymbolExists.c:
/* */
#include <pthread.h>

int main(int argc, char** argv)
{
  (void)argv;
#ifndef pthread_create
  return ((int*)(&pthread_create))[argc];
#else
  (void)argc;
  return 0;
#endif
}

Determining if the function pthread_create exists in the pthreads failed with the following output:
Change Dir: /nas/ldelgiud/Documents/AlgoLabHS19/week_03/antenna/CMakeFiles/CMakeTmp

Run Build Command:"/usr/bin/make" "cmTC_4e823/fast"
/usr/bin/make -f CMakeFiles/cmTC_4e823.dir/build.make CMakeFiles/cmTC_4e823.dir/build
make[1]: Entering directory '/nas/ldelgiud/Documents/AlgoLabHS19/week_03/antenna/CMakeFiles/CMakeTmp'
Building C object CMakeFiles/cmTC_4e823.dir/CheckFunctionExists.c.o
/usr/bin/cc   -DCHECK_FUNCTION_EXISTS=pthread_create   -o CMakeFiles/cmTC_4e823.dir/CheckFunctionExists.c.o   -c /usr/share/cmake-3.10/Modules/CheckFunctionExists.c
Linking C executable cmTC_4e823
/usr/bin/cmake -E cmake_link_script CMakeFiles/cmTC_4e823.dir/link.txt --verbose=1
/usr/bin/cc  -DCHECK_FUNCTION_EXISTS=pthread_create    -rdynamic CMakeFiles/cmTC_4e823.dir/CheckFunctionExists.c.o  -o cmTC_4e823 -lpthreads 
/usr/bin/ld: cannot find -lpthreads
collect2: error: ld returned 1 exit status
CMakeFiles/cmTC_4e823.dir/build.make:97: recipe for target 'cmTC_4e823' failed
make[1]: *** [cmTC_4e823] Error 1
make[1]: Leaving directory '/nas/ldelgiud/Documents/AlgoLabHS19/week_03/antenna/CMakeFiles/CMakeTmp'
Makefile:126: recipe for target 'cmTC_4e823/fast' failed
make: *** [cmTC_4e823/fast] Error 2


